<?xml version="1.0" encoding="UTF-8"?>
<!-- Generated by org.testng.reporters.JUnitReportReporter -->
<testsuite hostname="DESKTOP-JO72SU5" failures="0" tests="6" name="testng.PriorityExample" time="0.022" errors="0" timestamp="2025-03-06T16:29:13 IST" skipped="0">
  <testcase classname="testng.PriorityExample" name="testCaseS" time="0.002"/>
  <testcase classname="testng.PriorityExample" name="testCaseG" time="0.001"/>
  <testcase classname="testng.PriorityExample" name="testCaseZ" time="0.011"/>
  <testcase classname="testng.PriorityExample" name="testCaseM" time="0.001"/>
  <testcase classname="testng.PriorityExample" name="testCaseC" time="0.007"/>
  <testcase classname="testng.PriorityExample" name="testCaseA" time="0.000"/>
</testsuite> <!-- testng.PriorityExample -->
