<?xml version="1.0" encoding="UTF-8"?>
<!-- Generated by org.testng.reporters.JUnitReportReporter -->
<testsuite hostname="DESKTOP-JO72SU5" failures="0" tests="3" name="testng.BeforeAndAfterMethodExample" time="0.075" errors="0" timestamp="2025-03-06T16:29:13 IST" skipped="0">
  <testcase classname="testng.BeforeAndAfterMethodExample" name="testCase2" time="0.025"/>
  <testcase classname="testng.BeforeAndAfterMethodExample" name="testCase3" time="0.031"/>
  <testcase classname="testng.BeforeAndAfterMethodExample" name="testCase1" time="0.019"/>
</testsuite> <!-- testng.BeforeAndAfterMethodExample -->
