<?xml version="1.0" encoding="UTF-8"?>
<!-- Generated by org.testng.reporters.JUnitReportReporter -->
<testsuite hostname="DESKTOP-JO72SU5" failures="0" tests="3" name="testng.parameterization.DataProviderWithExcel" time="36.222" errors="0" timestamp="2025-03-06T16:29:13 IST" skipped="0">
  <testcase classname="testng.parameterization.DataProviderWithExcel" name="searchOFMultipleCities" time="11.764"/>
  <testcase classname="testng.parameterization.DataProviderWithExcel" name="searchOFMultipleCities" time="12.255"/>
  <testcase classname="testng.parameterization.DataProviderWithExcel" name="searchOFMultipleCities" time="12.203"/>
</testsuite> <!-- testng.parameterization.DataProviderWithExcel -->
