<?xml version="1.0" encoding="UTF-8"?>
<!-- Generated by org.testng.reporters.JUnitReportReporter -->
<testsuite hostname="DESKTOP-JO72SU5" failures="0" tests="2" name="testng.parameterization.NormalDataProviderExample" time="33.541" errors="0" timestamp="2025-03-06T16:29:13 IST" skipped="0">
  <testcase classname="testng.parameterization.NormalDataProviderExample" name="searchOFMultipleCities" time="19.173"/>
  <testcase classname="testng.parameterization.NormalDataProviderExample" name="searchOFMultipleCities" time="14.368"/>
</testsuite> <!-- testng.parameterization.NormalDataProviderExample -->
