<?xml version="1.0" encoding="UTF-8"?>
<!-- Generated by org.testng.reporters.JUnitReportReporter -->
<testsuite hostname="DESKTOP-JO72SU5" failures="0" tests="1" name="testng.DependsOnGroupExample" time="0.017" errors="0" timestamp="2025-03-06T16:29:13 IST" skipped="0">
  <testcase classname="testng.DependsOnGroupExample" name="onboarding" time="0.017"/>
</testsuite> <!-- testng.DependsOnGroupExample -->
